<?xml version="1.0" encoding="UTF-8"?>
<testsuite name="com.example.exambyte.ExamByteTest" tests="1" skipped="0" failures="1" errors="0" timestamp="2024-11-14T17:41:08" hostname="KIAVASHS-AIR.local" time="0.056">
  <properties/>
  <testcase name="Die Startseite ist für get request Erreichbar" classname="com.example.exambyte.ExamByteTest" time="0.056">
    <failure message="java.lang.AssertionError: Status expected:&lt;200&gt; but was:&lt;302&gt;" type="java.lang.AssertionError">java.lang.AssertionError: Status expected:&lt;200&gt; but was:&lt;302&gt;
	at org.springframework.test.util.AssertionErrors.fail(AssertionErrors.java:59)
	at org.springframework.test.util.AssertionErrors.assertEquals(AssertionErrors.java:122)
	at org.springframework.test.web.servlet.result.StatusResultMatchers.lambda$matcher$9(StatusResultMatchers.java:637)
	at org.springframework.test.web.servlet.MockMvc$1.andExpect(MockMvc.java:214)
	at com.example.exambyte.ExamByteTest.test01(ExamByteTest.java:57)
	at java.base/java.lang.reflect.Method.invoke(Method.java:580)
	at java.base/java.util.ArrayList.forEach(ArrayList.java:1596)
	at java.base/java.util.ArrayList.forEach(ArrayList.java:1596)
</failure>
  </testcase>
  <system-out><![CDATA[18:41:07.036 [Test worker] INFO org.springframework.test.context.support.AnnotationConfigContextLoaderUtils -- Could not detect default configuration classes for test class [com.example.exambyte.ExamByteTest]: ExamByteTest does not declare any static, non-private, non-final, nested classes annotated with @Configuration.
18:41:07.123 [Test worker] INFO org.springframework.boot.test.context.SpringBootTestContextBootstrapper -- Found @SpringBootConfiguration com.example.exambyte.ExambyteApplication for test class com.example.exambyte.ExamByteTest
2024-11-14T18:41:07.370+01:00  INFO 45993 --- [    Test worker] com.example.exambyte.ExamByteTest        : Starting ExamByteTest using Java 21.0.1 with PID 45993 (started by kiavashemami in /Users/kiavashemami/Library/Mobile Documents/com~apple~CloudDocs/Uni/Propra2/2024/ExamByte)
2024-11-14T18:41:07.372+01:00  INFO 45993 --- [    Test worker] com.example.exambyte.ExamByteTest        : No active profile set, falling back to 1 default profile: "default"
2024-11-14T18:41:08.651+01:00  INFO 45993 --- [    Test worker] o.s.b.t.m.w.SpringBootMockServletContext : Initializing Spring TestDispatcherServlet ''
2024-11-14T18:41:08.651+01:00  INFO 45993 --- [    Test worker] o.s.t.web.servlet.TestDispatcherServlet  : Initializing Servlet ''
2024-11-14T18:41:08.652+01:00  INFO 45993 --- [    Test worker] o.s.t.web.servlet.TestDispatcherServlet  : Completed initialization in 1 ms
2024-11-14T18:41:08.673+01:00  INFO 45993 --- [    Test worker] com.example.exambyte.ExamByteTest        : Started ExamByteTest in 1.485 seconds (process running for 2.207)

MockHttpServletRequest:
      HTTP Method = GET
      Request URI = /
       Parameters = {}
          Headers = []
             Body = null
    Session Attrs = {SPRING_SECURITY_SAVED_REQUEST=DefaultSavedRequest [http://localhost/?continue]}

Handler:
             Type = null

Async:
    Async started = false
     Async result = null

Resolved Exception:
             Type = null

ModelAndView:
        View name = null
             View = null
            Model = null

FlashMap:
       Attributes = null

MockHttpServletResponse:
           Status = 302
    Error message = null
          Headers = [X-Content-Type-Options:"nosniff", X-XSS-Protection:"0", Cache-Control:"no-cache, no-store, max-age=0, must-revalidate", Pragma:"no-cache", Expires:"0", X-Frame-Options:"DENY", Location:"http://localhost/oauth2/authorization/github"]
     Content type = null
             Body = 
    Forwarded URL = null
   Redirected URL = http://localhost/oauth2/authorization/github
          Cookies = []
]]></system-out>
  <system-err><![CDATA[WARNING: A Java agent has been loaded dynamically (/Users/kiavashemami/.gradle/caches/modules-2/files-2.1/net.bytebuddy/byte-buddy-agent/1.14.19/154da3a65b4f4a909d3e5bdec55d1b2b4cbb6ce1/byte-buddy-agent-1.14.19.jar)
WARNING: If a serviceability tool is in use, please run with -XX:+EnableDynamicAgentLoading to hide this warning
WARNING: If a serviceability tool is not in use, please run with -Djdk.instrument.traceUsage for more information
WARNING: Dynamic loading of agents will be disallowed by default in a future release
]]></system-err>
</testsuite>
